{
  "RSpec": {
    "coverage": {
      "/Users/caitlinwinkenbach/Development/code/tic-tac-toe-rb-online-web-sp-000/lib/tic_tac_toe.rb": [
        1,
        null,
        null,
        1,
        null,
        null,
        null,
        null,
        null,
        null,
        null,
        null,
        null,
        1,
        31,
        31,
        31,
        31,
        31,
        null,
        null,
        1,
        44432,
        null,
        null,
        1,
        28,
        null,
        null,
        1,
        60,
        null,
        null,
        1,
        44432,
        44404,
        28,
        26,
        null,
        2,
        null,
        null,
        null,
        1,
        2,
        2,
        18,
        3,
        15,
        2,
        null,
        null,
        2,
        null,
        null,
        1,
        1,
        1,
        0,
        0,
        null,
        null,
        null,
        1,
        44439,
        44433,
        44429,
        44429,
        25,
        null,
        44404,
        null,
        26,
        null,
        null,
        1,
        12,
        12,
        35,
        23,
        null,
        null,
        null,
        1,
        8,
        56,
        null,
        null,
        null,
        1,
        46,
        null,
        null,
        1,
        null,
        5,
        null,
        null,
        1,
        23,
        null,
        null,
        1,
        3,
        2,
        null,
        null,
        null,
        null
      ]
    },
    "timestamp": 1623978805
  }
}
