{
  "RSpec": {
    "coverage": {
      "/Users/caitlinwinkenbach/Development/code/tic-tac-toe-rb-online-web-sp-000/lib/tic_tac_toe.rb": [
        1,
        null,
        null,
        1,
        null,
        null,
        null,
        null,
        null,
        null,
        null,
        null,
        null,
        1,
        25,
        25,
        25,
        25,
        25,
        null,
        null,
        1,
        23,
        null,
        null,
        1,
        22,
        null,
        null,
        1,
        443,
        null,
        null,
        1,
        23,
        1,
        22,
        20,
        null,
        2,
        null,
        null,
        null,
        1,
        27,
        27,
        243,
        28,
        215,
        15,
        null,
        null,
        27,
        null,
        null,
        1,
        20,
        14,
        6,
        6,
        null,
        null,
        null,
        1,
        20,
        20,
        20,
        20,
        19,
        null,
        1,
        null,
        20,
        null,
        null,
        1,
        63,
        439,
        null,
        null,
        null,
        1,
        171,
        null,
        null,
        1,
        32,
        null,
        null,
        1,
        65,
        null,
        null,
        1,
        7,
        6,
        null,
        null,
        null,
        1,
        12,
        17,
        null,
        12,
        5,
        7,
        3,
        null,
        null
      ]
    },
    "timestamp": 1623985328
  }
}
